[0.107s] Invoking command in '/hw_ws/build/raceteam_hw': CMAKE_PREFIX_PATH=${CMAKE_PREFIX_PATH}:/opt/ros/iron /usr/bin/cmake /hw_ws/src/raceteam_softwareHW_2023 -DCMAKE_INSTALL_PREFIX=/hw_ws/install/raceteam_hw
[1.049s] -- The C compiler identification is GNU 11.4.0
[1.437s] -- The CXX compiler identification is GNU 11.4.0
[1.466s] -- Detecting C compiler ABI info
[1.756s] -- Detecting C compiler ABI info - done
[1.763s] -- Check for working C compiler: /usr/bin/cc - skipped
[1.765s] -- Detecting C compile features
[1.768s] -- Detecting C compile features - done
[1.777s] -- Detecting CXX compiler ABI info
[1.970s] -- Detecting CXX compiler ABI info - done
[2.010s] -- Check for working CXX compiler: /usr/bin/c++ - skipped
[2.011s] -- Detecting CXX compile features
[2.012s] -- Detecting CXX compile features - done
[2.012s] -- Found ament_cmake: 2.0.4 (/opt/ros/iron/share/ament_cmake/cmake)
[2.335s] -- Found Python3: /usr/bin/python3.10 (found version "3.10.12") found components: Interpreter 
[2.594s] -- Found rclcpp: 21.0.5 (/opt/ros/iron/share/rclcpp/cmake)
[2.862s] -- Found rosidl_generator_c: 4.0.1 (/opt/ros/iron/share/rosidl_generator_c/cmake)
[2.896s] -- Found rosidl_generator_cpp: 4.0.1 (/opt/ros/iron/share/rosidl_generator_cpp/cmake)
[3.061s] -- Using all available rosidl_typesupport_c: rosidl_typesupport_fastrtps_c;rosidl_typesupport_introspection_c
[3.142s] -- Using all available rosidl_typesupport_cpp: rosidl_typesupport_fastrtps_cpp;rosidl_typesupport_introspection_cpp
[3.558s] -- Found rmw_implementation_cmake: 7.1.0 (/opt/ros/iron/share/rmw_implementation_cmake/cmake)
[3.571s] -- Found rmw_fastrtps_cpp: 7.1.3 (/opt/ros/iron/share/rmw_fastrtps_cpp/cmake)
[4.095s] -- Found OpenSSL: /usr/lib/x86_64-linux-gnu/libcrypto.so (found version "3.0.2")  
[4.133s] -- Found FastRTPS: /opt/ros/iron/include  
[4.210s] -- Using RMW implementation 'rmw_fastrtps_cpp' as default
[4.533s] -- Found std_msgs: 5.0.0 (/opt/ros/iron/share/std_msgs/cmake)
[4.624s] -- Found ament_lint_auto: 0.14.3 (/opt/ros/iron/share/ament_lint_auto/cmake)
[4.833s] -- Added test 'cppcheck' to perform static code analysis on C / C++ code
[4.833s] -- Configured cppcheck include dirs: 
[4.833s] -- Configured cppcheck exclude dirs and/or files: 
[4.836s] -- Added test 'lint_cmake' to check CMake code style
[4.843s] -- Added test 'uncrustify' to check C / C++ code style
[4.843s] -- Configured uncrustify additional arguments: 
[4.845s] -- Added test 'xmllint' to check XML markup files
[4.851s] -- Configuring done
[4.898s] -- Generating done
[4.899s] -- Build files have been written to: /hw_ws/build/raceteam_hw
[4.917s] Invoked command in '/hw_ws/build/raceteam_hw' returned '0': CMAKE_PREFIX_PATH=${CMAKE_PREFIX_PATH}:/opt/ros/iron /usr/bin/cmake /hw_ws/src/raceteam_softwareHW_2023 -DCMAKE_INSTALL_PREFIX=/hw_ws/install/raceteam_hw
[4.917s] Invoking command in '/hw_ws/build/raceteam_hw': CMAKE_PREFIX_PATH=${CMAKE_PREFIX_PATH}:/opt/ros/iron /usr/bin/cmake --build /hw_ws/build/raceteam_hw -- -j4 -l4
[5.036s] [ 33%] [32mBuilding CXX object CMakeFiles/talker.dir/src/topTalker.cpp.o[0m
[5.036s] [ 33%] [32mBuilding CXX object CMakeFiles/motor_node.dir/src/motor_node.cpp.o[0m
[5.037s] [ 50%] [32mBuilding CXX object CMakeFiles/stroke_to_pwm_node.dir/src/stroke_to_pwm_node.cpp.o[0m
[5.080s] [01m[K/hw_ws/src/raceteam_softwareHW_2023/src/stroke_to_pwm_node.cpp:1:10:[m[K [01;31m[Kfatal error: [m[Krclcpp/rclcpp.h: No such file or directory
[5.095s]     1 | #include [01;31m[K"rclcpp/rclcpp.h"[m[K
[5.095s]       |          [01;31m[K^~~~~~~~~~~~~~~~~[m[K
[5.096s] compilation terminated.
[5.096s] [01m[K/hw_ws/src/raceteam_softwareHW_2023/src/topTalker.cpp:1:10:[m[K [01;31m[Kfatal error: [m[Krclcpp/rclcpp.h: No such file or directory
[5.096s]     1 | #include [01;31m[K"rclcpp/rclcpp.h"[m[K
[5.097s]       |          [01;31m[K^~~~~~~~~~~~~~~~~[m[K
[5.097s] compilation terminated.
[5.142s] gmake[2]: *** [CMakeFiles/talker.dir/build.make:76: CMakeFiles/talker.dir/src/topTalker.cpp.o] Error 1
[5.142s] gmake[2]: *** [CMakeFiles/stroke_to_pwm_node.dir/build.make:76: CMakeFiles/stroke_to_pwm_node.dir/src/stroke_to_pwm_node.cpp.o] Error 1
[5.143s] gmake[1]: *** [CMakeFiles/Makefile2:167: CMakeFiles/stroke_to_pwm_node.dir/all] Error 2
[5.144s] gmake[1]: *** Waiting for unfinished jobs....
[5.145s] gmake[1]: *** [CMakeFiles/Makefile2:193: CMakeFiles/talker.dir/all] Error 2
[17.454s] [ 66%] [32m[1mLinking CXX executable motor_node[0m
[18.209s] [ 66%] Built target motor_node
[18.209s] gmake: *** [Makefile:146: all] Error 2
[18.214s] Invoked command in '/hw_ws/build/raceteam_hw' returned '2': CMAKE_PREFIX_PATH=${CMAKE_PREFIX_PATH}:/opt/ros/iron /usr/bin/cmake --build /hw_ws/build/raceteam_hw -- -j4 -l4
