[01m[K/hw_ws/src/raceteam_softwareHW_2023/src/topTalker.cpp:2:10:[m[K [01;31m[Kfatal error: [m[Kstd_msgs/msg/Int32.hpp: No such file or directory
    2 | #include [01;31m[K"std_msgs/msg/Int32.hpp"[m[K
      |          [01;31m[K^~~~~~~~~~~~~~~~~~~~~~~~[m[K
compilation terminated.
gmake[2]: *** [CMakeFiles/talker.dir/build.make:76: CMakeFiles/talker.dir/src/topTalker.cpp.o] Error 1
gmake[1]: *** [CMakeFiles/Makefile2:193: CMakeFiles/talker.dir/all] Error 2
gmake[1]: *** Waiting for unfinished jobs....
[01m[K/hw_ws/src/raceteam_softwareHW_2023/src/stroke_to_pwm_node.cpp:16:40:[m[K [01;31m[Kerror: [m[Kâ€˜[01m[Kstd_msg[m[Kâ€™ does not name a type
   16 |         void pedalSignalCallback(const [01;31m[Kstd_msg[m[K::msgs::Int32::SharedPtr msg) const
      |                                        [01;31m[K^~~~~~~[m[K
[01m[K/hw_ws/src/raceteam_softwareHW_2023/src/stroke_to_pwm_node.cpp:16:53:[m[K [01;31m[Kerror: [m[Kexpected unqualified-id before â€˜[01m[K::[m[Kâ€™ token
   16 |         void pedalSignalCallback(const std_msg::msgs[01;31m[K::[m[KInt32::SharedPtr msg) const
      |                                                     [01;31m[K^~[m[K
[01m[K/hw_ws/src/raceteam_softwareHW_2023/src/stroke_to_pwm_node.cpp:16:53:[m[K [01;31m[Kerror: [m[Kexpected â€˜[01m[K)[m[Kâ€™ before â€˜[01m[K::[m[Kâ€™ token
   16 |         void pedalSignalCallback[34m[K([m[Kconst std_msg::msgs[01;31m[K:[m[K[32m[K:[m[KInt32::SharedPtr msg) const
      |                                 [34m[K~[m[K                   [01;31m[K^[m[K[32m[K~[m[K
      |                                                     [32m[K)[m[K
[01m[K/hw_ws/src/raceteam_softwareHW_2023/src/stroke_to_pwm_node.cpp:16:49:[m[K [01;31m[Kerror: [m[Kexpected â€˜[01m[K;[m[Kâ€™ at end of member declaration
   16 |         void pedalSignalCallback(const std_msg::[01;31m[Kmsgs[m[K::Int32::SharedPtr msg) const
      |                                                 [01;31m[K^~~~[m[K
      |                                                     [32m[K;[m[K
[01m[K/hw_ws/src/raceteam_softwareHW_2023/src/stroke_to_pwm_node.cpp:16:55:[m[K [01;31m[Kerror: [m[Kâ€˜[01m[KInt32[m[Kâ€™ in namespace â€˜[01m[K::[m[Kâ€™ does not name a type
   16 |         void pedalSignalCallback(const std_msg::msgs::[01;31m[KInt32[m[K::SharedPtr msg) const
      |                                                       [01;31m[K^~~~~[m[K
[01m[K/hw_ws/src/raceteam_softwareHW_2023/src/stroke_to_pwm_node.cpp:[m[K In constructor â€˜[01m[KStrokeToPwmNode::StrokeToPwmNode()[m[Kâ€™:
[01m[K/hw_ws/src/raceteam_softwareHW_2023/src/stroke_to_pwm_node.cpp:12:92:[m[K [01;31m[Kerror: [m[Kâ€˜[01m[K_1[m[Kâ€™ was not declared in this scope; did you mean â€˜[01m[Kstd::placeholders::_1[m[Kâ€™?
   12 |                 "pedal_stroke", 10, std::bind(&StrokeToPwmNode::pedalSignalCallback, this, [01;31m[K_1[m[K));                        //pedal_stroke
      |                                                                                            [01;31m[K^~[m[K
      |                                                                                            [32m[Kstd::placeholders::_1[m[K
In file included from [01m[K/usr/include/c++/11/pstl/glue_algorithm_defs.h:13[m[K,
                 from [01m[K/usr/include/c++/11/algorithm:74[m[K,
                 from [01m[K/opt/ros/iron/include/rclcpp/rclcpp/executor.hpp:18[m[K,
                 from [01m[K/opt/ros/iron/include/rclcpp/rclcpp/executors/multi_threaded_executor.hpp:25[m[K,
                 from [01m[K/opt/ros/iron/include/rclcpp/rclcpp/executors.hpp:21[m[K,
                 from [01m[K/opt/ros/iron/include/rclcpp/rclcpp/rclcpp.hpp:167[m[K,
                 from [01m[K/hw_ws/src/raceteam_softwareHW_2023/src/stroke_to_pwm_node.cpp:1[m[K:
[01m[K/usr/include/c++/11/functional:225:34:[m[K [01;36m[Knote: [m[Kâ€˜[01m[Kstd::placeholders::_1[m[Kâ€™ declared here
  225 |     extern const _Placeholder<1> [01;36m[K_1[m[K;
      |                                  [01;36m[K^~[m[K
gmake[2]: *** [CMakeFiles/stroke_to_pwm_node.dir/build.make:76: CMakeFiles/stroke_to_pwm_node.dir/src/stroke_to_pwm_node.cpp.o] Error 1
gmake[1]: *** [CMakeFiles/Makefile2:167: CMakeFiles/stroke_to_pwm_node.dir/all] Error 2
gmake: *** [Makefile:146: all] Error 2
