[0.077s] Invoking command in '/hw_ws/build/raceteam_hw': CMAKE_PREFIX_PATH=${CMAKE_PREFIX_PATH}:/opt/ros/iron /usr/bin/cmake --build /hw_ws/build/raceteam_hw -- -j4 -l4
[0.174s] [35m[1mConsolidate compiler generated dependencies of target stroke_to_pwm_node[0m
[0.243s] [ 16%] [32mBuilding CXX object CMakeFiles/talker.dir/src/topTalker.cpp.o[0m
[0.245s] [ 50%] Built target motor_node
[0.273s] [ 66%] [32mBuilding CXX object CMakeFiles/stroke_to_pwm_node.dir/src/stroke_to_pwm_node.cpp.o[0m
[0.495s] [01m[K/hw_ws/src/raceteam_softwareHW_2023/src/topTalker.cpp:2:10:[m[K [01;31m[Kfatal error: [m[Kstd_msgs/msg/Int32.hpp: No such file or directory
[0.495s]     2 | #include [01;31m[K"std_msgs/msg/Int32.hpp"[m[K
[0.495s]       |          [01;31m[K^~~~~~~~~~~~~~~~~~~~~~~~[m[K
[0.496s] compilation terminated.
[0.521s] gmake[2]: *** [CMakeFiles/talker.dir/build.make:76: CMakeFiles/talker.dir/src/topTalker.cpp.o] Error 1
[0.524s] gmake[1]: *** [CMakeFiles/Makefile2:193: CMakeFiles/talker.dir/all] Error 2
[0.525s] gmake[1]: *** Waiting for unfinished jobs....
[3.435s] [01m[K/hw_ws/src/raceteam_softwareHW_2023/src/stroke_to_pwm_node.cpp:16:40:[m[K [01;31m[Kerror: [m[Kâ€˜[01m[Kstd_msg[m[Kâ€™ does not name a type
[3.435s]    16 |         void pedalSignalCallback(const [01;31m[Kstd_msg[m[K::msgs::Int32::SharedPtr msg) const
[3.435s]       |                                        [01;31m[K^~~~~~~[m[K
[3.435s] [01m[K/hw_ws/src/raceteam_softwareHW_2023/src/stroke_to_pwm_node.cpp:16:53:[m[K [01;31m[Kerror: [m[Kexpected unqualified-id before â€˜[01m[K::[m[Kâ€™ token
[3.435s]    16 |         void pedalSignalCallback(const std_msg::msgs[01;31m[K::[m[KInt32::SharedPtr msg) const
[3.435s]       |                                                     [01;31m[K^~[m[K
[3.435s] [01m[K/hw_ws/src/raceteam_softwareHW_2023/src/stroke_to_pwm_node.cpp:16:53:[m[K [01;31m[Kerror: [m[Kexpected â€˜[01m[K)[m[Kâ€™ before â€˜[01m[K::[m[Kâ€™ token
[3.436s]    16 |         void pedalSignalCallback[34m[K([m[Kconst std_msg::msgs[01;31m[K:[m[K[32m[K:[m[KInt32::SharedPtr msg) const
[3.436s]       |                                 [34m[K~[m[K                   [01;31m[K^[m[K[32m[K~[m[K
[3.436s]       |                                                     [32m[K)[m[K
[3.436s] [01m[K/hw_ws/src/raceteam_softwareHW_2023/src/stroke_to_pwm_node.cpp:16:49:[m[K [01;31m[Kerror: [m[Kexpected â€˜[01m[K;[m[Kâ€™ at end of member declaration
[3.436s]    16 |         void pedalSignalCallback(const std_msg::[01;31m[Kmsgs[m[K::Int32::SharedPtr msg) const
[3.436s]       |                                                 [01;31m[K^~~~[m[K
[3.436s]       |                                                     [32m[K;[m[K
[3.437s] [01m[K/hw_ws/src/raceteam_softwareHW_2023/src/stroke_to_pwm_node.cpp:16:55:[m[K [01;31m[Kerror: [m[Kâ€˜[01m[KInt32[m[Kâ€™ in namespace â€˜[01m[K::[m[Kâ€™ does not name a type
[3.437s]    16 |         void pedalSignalCallback(const std_msg::msgs::[01;31m[KInt32[m[K::SharedPtr msg) const
[3.437s]       |                                                       [01;31m[K^~~~~[m[K
[3.510s] [01m[K/hw_ws/src/raceteam_softwareHW_2023/src/stroke_to_pwm_node.cpp:[m[K In constructor â€˜[01m[KStrokeToPwmNode::StrokeToPwmNode()[m[Kâ€™:
[3.510s] [01m[K/hw_ws/src/raceteam_softwareHW_2023/src/stroke_to_pwm_node.cpp:12:92:[m[K [01;31m[Kerror: [m[Kâ€˜[01m[K_1[m[Kâ€™ was not declared in this scope; did you mean â€˜[01m[Kstd::placeholders::_1[m[Kâ€™?
[3.510s]    12 |                 "pedal_stroke", 10, std::bind(&StrokeToPwmNode::pedalSignalCallback, this, [01;31m[K_1[m[K));                        //pedal_stroke
[3.510s]       |                                                                                            [01;31m[K^~[m[K
[3.510s]       |                                                                                            [32m[Kstd::placeholders::_1[m[K
[3.510s] In file included from [01m[K/usr/include/c++/11/pstl/glue_algorithm_defs.h:13[m[K,
[3.510s]                  from [01m[K/usr/include/c++/11/algorithm:74[m[K,
[3.510s]                  from [01m[K/opt/ros/iron/include/rclcpp/rclcpp/executor.hpp:18[m[K,
[3.510s]                  from [01m[K/opt/ros/iron/include/rclcpp/rclcpp/executors/multi_threaded_executor.hpp:25[m[K,
[3.510s]                  from [01m[K/opt/ros/iron/include/rclcpp/rclcpp/executors.hpp:21[m[K,
[3.510s]                  from [01m[K/opt/ros/iron/include/rclcpp/rclcpp/rclcpp.hpp:167[m[K,
[3.510s]                  from [01m[K/hw_ws/src/raceteam_softwareHW_2023/src/stroke_to_pwm_node.cpp:1[m[K:
[3.511s] [01m[K/usr/include/c++/11/functional:225:34:[m[K [01;36m[Knote: [m[Kâ€˜[01m[Kstd::placeholders::_1[m[Kâ€™ declared here
[3.511s]   225 |     extern const _Placeholder<1> [01;36m[K_1[m[K;
[3.511s]       |                                  [01;36m[K^~[m[K
[4.789s] gmake[2]: *** [CMakeFiles/stroke_to_pwm_node.dir/build.make:76: CMakeFiles/stroke_to_pwm_node.dir/src/stroke_to_pwm_node.cpp.o] Error 1
[4.789s] gmake[1]: *** [CMakeFiles/Makefile2:167: CMakeFiles/stroke_to_pwm_node.dir/all] Error 2
[4.789s] gmake: *** [Makefile:146: all] Error 2
[4.794s] Invoked command in '/hw_ws/build/raceteam_hw' returned '2': CMAKE_PREFIX_PATH=${CMAKE_PREFIX_PATH}:/opt/ros/iron /usr/bin/cmake --build /hw_ws/build/raceteam_hw -- -j4 -l4
