[0.061s] Invoking command in '/hw_ws/build/cpp_topic': CMAKE_PREFIX_PATH=/opt/ros/iron /usr/bin/cmake /hw_ws/src/cpp_topic -DCMAKE_INSTALL_PREFIX=/hw_ws/install/cpp_topic
[0.771s] -- The C compiler identification is GNU 11.4.0
[1.027s] -- The CXX compiler identification is GNU 11.4.0
[1.078s] -- Detecting C compiler ABI info
[1.231s] -- Detecting C compiler ABI info - done
[1.259s] -- Check for working C compiler: /usr/bin/cc - skipped
[1.259s] -- Detecting C compile features
[1.260s] -- Detecting C compile features - done
[1.268s] -- Detecting CXX compiler ABI info
[1.422s] -- Detecting CXX compiler ABI info - done
[1.436s] -- Check for working CXX compiler: /usr/bin/c++ - skipped
[1.436s] -- Detecting CXX compile features
[1.437s] -- Detecting CXX compile features - done
[1.490s] -- Found ament_cmake: 2.0.4 (/opt/ros/iron/share/ament_cmake/cmake)
[1.720s] -- Found Python3: /usr/bin/python3.10 (found version "3.10.12") found components: Interpreter 
[2.021s] -- Found rclcpp: 21.0.5 (/opt/ros/iron/share/rclcpp/cmake)
[2.208s] -- Found rosidl_generator_c: 4.0.1 (/opt/ros/iron/share/rosidl_generator_c/cmake)
[2.238s] -- Found rosidl_generator_cpp: 4.0.1 (/opt/ros/iron/share/rosidl_generator_cpp/cmake)
[2.299s] -- Using all available rosidl_typesupport_c: rosidl_typesupport_fastrtps_c;rosidl_typesupport_introspection_c
[2.356s] -- Using all available rosidl_typesupport_cpp: rosidl_typesupport_fastrtps_cpp;rosidl_typesupport_introspection_cpp
[2.632s] -- Found rmw_implementation_cmake: 7.1.0 (/opt/ros/iron/share/rmw_implementation_cmake/cmake)
[2.644s] -- Found rmw_fastrtps_cpp: 7.1.3 (/opt/ros/iron/share/rmw_fastrtps_cpp/cmake)
[2.959s] -- Found OpenSSL: /usr/lib/x86_64-linux-gnu/libcrypto.so (found version "3.0.2")  
[3.008s] -- Found FastRTPS: /opt/ros/iron/include  
[3.071s] -- Using RMW implementation 'rmw_fastrtps_cpp' as default
[3.354s] -- Found std_msgs: 5.0.0 (/opt/ros/iron/share/std_msgs/cmake)
[3.412s] -- Found ament_lint_auto: 0.14.3 (/opt/ros/iron/share/ament_lint_auto/cmake)
[3.570s] -- Added test 'cppcheck' to perform static code analysis on C / C++ code
[3.570s] -- Configured cppcheck include dirs: 
[3.570s] -- Configured cppcheck exclude dirs and/or files: 
[3.571s] -- Added test 'lint_cmake' to check CMake code style
[3.575s] -- Added test 'uncrustify' to check C / C++ code style
[3.575s] -- Configured uncrustify additional arguments: 
[3.577s] -- Added test 'xmllint' to check XML markup files
[3.581s] -- Configuring done
[3.597s] -- Generating done
[3.599s] -- Build files have been written to: /hw_ws/build/cpp_topic
[3.609s] Invoked command in '/hw_ws/build/cpp_topic' returned '0': CMAKE_PREFIX_PATH=/opt/ros/iron /usr/bin/cmake /hw_ws/src/cpp_topic -DCMAKE_INSTALL_PREFIX=/hw_ws/install/cpp_topic
[3.612s] Invoking command in '/hw_ws/build/cpp_topic': CMAKE_PREFIX_PATH=/opt/ros/iron /usr/bin/cmake --build /hw_ws/build/cpp_topic -- -j4 -l4
[3.716s] [ 25%] [32mBuilding CXX object CMakeFiles/listener.dir/src/subscriber_member_function.cpp.o[0m
[3.728s] [ 50%] [32mBuilding CXX object CMakeFiles/talker.dir/src/publisher_member_function.cpp.o[0m
[4.760s] [01m[K/hw_ws/src/cpp_topic/src/subscriber_member_function.cpp:4:10:[m[K [01;31m[Kfatal error: [m[Kstd_msgs/msg/Int32.hpp: No such file or directory
[4.760s]     4 | #include [01;31m[K"std_msgs/msg/Int32.hpp"[m[K
[4.760s]       |          [01;31m[K^~~~~~~~~~~~~~~~~~~~~~~~[m[K
[4.760s] compilation terminated.
[4.761s] gmake[2]: *** [CMakeFiles/listener.dir/build.make:76: CMakeFiles/listener.dir/src/subscriber_member_function.cpp.o] Error 1
[4.761s] gmake[1]: *** [CMakeFiles/Makefile2:165: CMakeFiles/listener.dir/all] Error 2
[4.761s] gmake[1]: *** Waiting for unfinished jobs....
[8.473s] [01m[K/hw_ws/src/cpp_topic/src/publisher_member_function.cpp:[m[K In function â€˜[01m[Kint main(int, char**)[m[Kâ€™:
[8.473s] [01m[K/hw_ws/src/cpp_topic/src/publisher_member_function.cpp:9:45:[m[K [01;31m[Kerror: [m[Kâ€˜[01m[Kstd_msgs[m[Kâ€™ was not declared in this scope
[8.473s]     9 |     auto publisher = node->create_publisher<[01;31m[Kstd_msgs[m[K::msg::Int32>("count_values", 10); // Explalin this line
[8.473s]       |                                             [01;31m[K^~~~~~~~[m[K
[8.473s] [01m[K/hw_ws/src/cpp_topic/src/publisher_member_function.cpp:9:28:[m[K [01;31m[Kerror: [m[Kparse error in template argument list
[8.473s]     9 |     auto publisher = node->[01;31m[Kcreate_publisher<std_msgs::msg::Int32>[m[K("count_values", 10); // Explalin this line
[8.473s]       |                            [01;31m[K^~~~~~~~~~~~~~~~~~~~~~~~~~~~~~~~~~~~~~[m[K
[8.474s] [01m[K/hw_ws/src/cpp_topic/src/publisher_member_function.cpp:9:66:[m[K [01;31m[Kerror: [m[Kno matching function for call to â€˜[01m[Krclcpp::Node::create_publisher<<expression error> >(const char [13], int)[m[Kâ€™
[8.474s]     9 |     auto publisher = [01;31m[Knode->create_publisher<std_msgs::msg::Int32>("count_values", 10)[m[K; // Explalin this line
[8.474s]       |                      [01;31m[K~~~~~~~~~~~~~~~~~~~~~~~~~~~~~~~~~~~~~~~~~~~~^~~~~~~~~~~~~~~~~~~~[m[K
[8.477s] In file included from [01m[K/opt/ros/iron/include/rclcpp/rclcpp/executors/single_threaded_executor.hpp:28[m[K,
[8.478s]                  from [01m[K/opt/ros/iron/include/rclcpp/rclcpp/executors.hpp:22[m[K,
[8.478s]                  from [01m[K/opt/ros/iron/include/rclcpp/rclcpp/rclcpp.hpp:167[m[K,
[8.478s]                  from [01m[K/hw_ws/src/cpp_topic/src/publisher_member_function.cpp:1[m[K:
[8.478s] [01m[K/opt/ros/iron/include/rclcpp/rclcpp/node.hpp:196:3:[m[K [01;36m[Knote: [m[Kcandidate: â€˜[01m[Ktemplate<class MessageT, class AllocatorT, class PublisherT> std::shared_ptr<PublisherT> rclcpp::Node::create_publisher(const string&, const rclcpp::QoS&, const rclcpp::PublisherOptionsWithAllocator<AllocatorT>&)[m[Kâ€™
[8.478s]   196 |   [01;36m[Kcreate_publisher[m[K(
[8.478s]       |   [01;36m[K^~~~~~~~~~~~~~~~[m[K
[8.478s] [01m[K/opt/ros/iron/include/rclcpp/rclcpp/node.hpp:196:3:[m[K [01;36m[Knote: [m[K  template argument deduction/substitution failed:
[8.478s] [01m[K/hw_ws/src/cpp_topic/src/publisher_member_function.cpp:9:66:[m[K [01;31m[Kerror: [m[Ktemplate argument 1 is invalid
[8.478s]     9 |     auto publisher = [01;31m[Knode->create_publisher<std_msgs::msg::Int32>("count_values", 10)[m[K; // Explalin this line
[8.478s]       |                      [01;31m[K~~~~~~~~~~~~~~~~~~~~~~~~~~~~~~~~~~~~~~~~~~~~^~~~~~~~~~~~~~~~~~~~[m[K
[8.478s] [01m[K/hw_ws/src/cpp_topic/src/publisher_member_function.cpp:18:20:[m[K [01;31m[Kerror: [m[Kâ€˜[01m[Kstd_msgs[m[Kâ€™ is not a class, namespace, or enumeration
[8.478s]    18 |         auto msg = [01;31m[Kstd_msgs[m[K::msg::Int32();
[8.479s]       |                    [01;31m[K^~~~~~~~[m[K
[9.427s] gmake[2]: *** [CMakeFiles/talker.dir/build.make:76: CMakeFiles/talker.dir/src/publisher_member_function.cpp.o] Error 1
[9.428s] gmake[1]: *** [CMakeFiles/Makefile2:139: CMakeFiles/talker.dir/all] Error 2
[9.428s] gmake: *** [Makefile:146: all] Error 2
[9.435s] Invoked command in '/hw_ws/build/cpp_topic' returned '2': CMAKE_PREFIX_PATH=/opt/ros/iron /usr/bin/cmake --build /hw_ws/build/cpp_topic -- -j4 -l4
